<?xml version="1.0" encoding="UTF-8"?>
<coverage generated="1753370178498" clover="3.2.0">
  <project timestamp="1753370178498" name="All files">
    <metrics statements="3" coveredstatements="2" conditionals="0" coveredconditionals="0" methods="2" coveredmethods="1" elements="5" coveredelements="3" complexity="0" loc="3" ncloc="3" packages="1" files="1" classes="1"/>
    <file name="email-alert-section.tsx" path="/home/peter/Desktop/air-quality-portal/email-alert-section.tsx">
      <metrics statements="3" coveredstatements="2" conditionals="0" coveredconditionals="0" methods="2" coveredmethods="1"/>
      <line num="3" count="1" type="stmt"/>
      <line num="11" count="2" type="stmt"/>
      <line num="15" count="0" type="stmt"/>
    </file>
  </project>
</coverage>
