{"/home/peter/Desktop/air-quality-portal/email-alert-section.tsx": {"path":"/home/peter/Desktop/air-quality-portal/email-alert-section.tsx","statementMap":{"0":{"start":{"line":3,"column":0},"end":{"line":3,"column":24}},"1":{"start":{"line":11,"column":2},"end":{"line":44,"column":4}},"2":{"start":{"line":15,"column":8},"end":{"line":15,"column":27}}},"fnMap":{"0":{"name":"EmailAlertSection","decl":{"start":{"line":3,"column":24},"end":{"line":3,"column":41}},"loc":{"start":{"line":3,"column":41},"end":{"line":45,"column":1}}},"1":{"name":"(anonymous_1)","decl":{"start":{"line":14,"column":16},"end":{"line":14,"column":17}},"loc":{"start":{"line":14,"column":22},"end":{"line":17,"column":7}}}},"branchMap":{},"s":{"0":1,"1":2,"2":0},"f":{"0":2,"1":0},"b":{}}
}
